[2025-05-16T17:44:27.523253+02:00] json_error_renderer.ERROR: 
[405] Method not allowed. Must be one of: OPTIONS in /home/macumba/ProyectoTDWF/back/vendor/slim/slim/Slim/Middleware/RoutingMiddleware.php on line 79.
Backtrace:
#0 /home/macumba/ProyectoTDWF/back/vendor/slim/slim/Slim/Middleware/RoutingMiddleware.php(44): Slim\Middleware\RoutingMiddleware->performRouting()
#1 /home/macumba/ProyectoTDWF/back/vendor/slim/slim/Slim/MiddlewareDispatcher.php(129): Slim\Middleware\RoutingMiddleware->process()
#2 /home/macumba/ProyectoTDWF/back/vendor/slim/slim/Slim/Middleware/ErrorMiddleware.php(77): Psr\Http\Server\RequestHandlerInterface@anonymous->handle()
#3 /home/macumba/ProyectoTDWF/back/vendor/slim/slim/Slim/MiddlewareDispatcher.php(129): Slim\Middleware\ErrorMiddleware->process()
#4 /home/macumba/ProyectoTDWF/back/vendor/slim/slim/Slim/MiddlewareDispatcher.php(73): Psr\Http\Server\RequestHandlerInterface@anonymous->handle()
#5 /home/macumba/ProyectoTDWF/back/vendor/slim/slim/Slim/App.php(209): Slim\MiddlewareDispatcher->handle()
#6 /home/macumba/ProyectoTDWF/back/vendor/slim/slim/Slim/App.php(193): Slim\App->handle()
#7 /home/macumba/ProyectoTDWF/back/public/index.php(20): Slim\App->run()
#8 {main} [] []
[2025-05-16T17:44:54.271728+02:00] json_error_renderer.ERROR: 
[405] Method not allowed. Must be one of: OPTIONS in /home/macumba/ProyectoTDWF/back/vendor/slim/slim/Slim/Middleware/RoutingMiddleware.php on line 79.
Backtrace:
#0 /home/macumba/ProyectoTDWF/back/vendor/slim/slim/Slim/Middleware/RoutingMiddleware.php(44): Slim\Middleware\RoutingMiddleware->performRouting()
#1 /home/macumba/ProyectoTDWF/back/vendor/slim/slim/Slim/MiddlewareDispatcher.php(129): Slim\Middleware\RoutingMiddleware->process()
#2 /home/macumba/ProyectoTDWF/back/vendor/slim/slim/Slim/Middleware/ErrorMiddleware.php(77): Psr\Http\Server\RequestHandlerInterface@anonymous->handle()
#3 /home/macumba/ProyectoTDWF/back/vendor/slim/slim/Slim/MiddlewareDispatcher.php(129): Slim\Middleware\ErrorMiddleware->process()
#4 /home/macumba/ProyectoTDWF/back/vendor/slim/slim/Slim/MiddlewareDispatcher.php(73): Psr\Http\Server\RequestHandlerInterface@anonymous->handle()
#5 /home/macumba/ProyectoTDWF/back/vendor/slim/slim/Slim/App.php(209): Slim\MiddlewareDispatcher->handle()
#6 /home/macumba/ProyectoTDWF/back/vendor/slim/slim/Slim/App.php(193): Slim\App->handle()
#7 /home/macumba/ProyectoTDWF/back/public/index.php(20): Slim\App->run()
#8 {main} [] []
