[2025-04-29T11:37:08.249283+02:00] json_error_renderer.ERROR: 
[1045] An exception occurred in the driver: SQLSTATE[HY000] [1045] Access denied for user 'root'@'localhost' (using password: NO) in /home/macumba/php/apiAnalesCiencia/vendor/doctrine/dbal/src/Driver/API/MySQL/ExceptionConverter.php on line 80.
Backtrace:
#0 /home/macumba/php/apiAnalesCiencia/vendor/doctrine/dbal/src/Connection.php(1418): Doctrine\DBAL\Driver\API\MySQL\ExceptionConverter->convert()
#1 /home/macumba/php/apiAnalesCiencia/vendor/doctrine/dbal/src/Connection.php(1366): Doctrine\DBAL\Connection->handleDriverException()
#2 /home/macumba/php/apiAnalesCiencia/vendor/doctrine/dbal/src/Connection.php(227): Doctrine\DBAL\Connection->convertException()
#3 /home/macumba/php/apiAnalesCiencia/vendor/doctrine/dbal/src/Connection.php(770): Doctrine\DBAL\Connection->connect()
#4 /home/macumba/php/apiAnalesCiencia/vendor/doctrine/orm/src/Persisters/Entity/BasicEntityPersister.php(736): Doctrine\DBAL\Connection->executeQuery()
#5 /home/macumba/php/apiAnalesCiencia/vendor/doctrine/orm/src/EntityRepository.php(125): Doctrine\ORM\Persisters\Entity\BasicEntityPersister->load()
#6 /home/macumba/php/apiAnalesCiencia/src/Controller/Login/LoginController.php(51): Doctrine\ORM\EntityRepository->findOneBy()
#7 /home/macumba/php/apiAnalesCiencia/vendor/slim/slim/Slim/Handlers/Strategies/RequestResponse.php(38): TDW\ACiencia\Controller\Login\LoginController->__invoke()
#8 /home/macumba/php/apiAnalesCiencia/vendor/slim/slim/Slim/Routing/Route.php(363): Slim\Handlers\Strategies\RequestResponse->__invoke()
#9 /home/macumba/php/apiAnalesCiencia/vendor/slim/slim/Slim/MiddlewareDispatcher.php(73): Slim\Routing\Route->handle()
#10 /home/macumba/php/apiAnalesCiencia/vendor/slim/slim/Slim/MiddlewareDispatcher.php(73): Slim\MiddlewareDispatcher->handle()
#11 /home/macumba/php/apiAnalesCiencia/vendor/slim/slim/Slim/Routing/Route.php(321): Slim\MiddlewareDispatcher->handle()
#12 /home/macumba/php/apiAnalesCiencia/vendor/slim/slim/Slim/Routing/RouteRunner.php(74): Slim\Routing\Route->run()
#13 /home/macumba/php/apiAnalesCiencia/vendor/slim/slim/Slim/Middleware/BodyParsingMiddleware.php(65): Slim\Routing\RouteRunner->handle()
#14 /home/macumba/php/apiAnalesCiencia/vendor/slim/slim/Slim/MiddlewareDispatcher.php(129): Slim\Middleware\BodyParsingMiddleware->process()
#15 /home/macumba/php/apiAnalesCiencia/src/Middleware/CorsMiddleware.php(35): Psr\Http\Server\RequestHandlerInterface@anonymous->handle()
#16 /home/macumba/php/apiAnalesCiencia/vendor/slim/slim/Slim/MiddlewareDispatcher.php(177): TDW\ACiencia\Middleware\CorsMiddleware->process()
#17 /home/macumba/php/apiAnalesCiencia/vendor/slim/slim/Slim/Middleware/RoutingMiddleware.php(45): Psr\Http\Server\RequestHandlerInterface@anonymous->handle()
#18 /home/macumba/php/apiAnalesCiencia/vendor/slim/slim/Slim/MiddlewareDispatcher.php(129): Slim\Middleware\RoutingMiddleware->process()
#19 /home/macumba/php/apiAnalesCiencia/vendor/slim/slim/Slim/Middleware/ErrorMiddleware.php(77): Psr\Http\Server\RequestHandlerInterface@anonymous->handle()
#20 /home/macumba/php/apiAnalesCiencia/vendor/slim/slim/Slim/MiddlewareDispatcher.php(129): Slim\Middleware\ErrorMiddleware->process()
#21 /home/macumba/php/apiAnalesCiencia/vendor/slim/slim/Slim/MiddlewareDispatcher.php(73): Psr\Http\Server\RequestHandlerInterface@anonymous->handle()
#22 /home/macumba/php/apiAnalesCiencia/vendor/slim/slim/Slim/App.php(209): Slim\MiddlewareDispatcher->handle()
#23 /home/macumba/php/apiAnalesCiencia/vendor/slim/slim/Slim/App.php(193): Slim\App->handle()
#24 /home/macumba/php/apiAnalesCiencia/public/index.php(19): Slim\App->run()
#25 {main} [] []
[2025-04-29T11:37:39.963831+02:00] json_error_renderer.ERROR: 
[1045] An exception occurred in the driver: SQLSTATE[HY000] [1045] Access denied for user 'root'@'localhost' (using password: NO) in /home/macumba/php/apiAnalesCiencia/vendor/doctrine/dbal/src/Driver/API/MySQL/ExceptionConverter.php on line 80.
Backtrace:
#0 /home/macumba/php/apiAnalesCiencia/vendor/doctrine/dbal/src/Connection.php(1418): Doctrine\DBAL\Driver\API\MySQL\ExceptionConverter->convert()
#1 /home/macumba/php/apiAnalesCiencia/vendor/doctrine/dbal/src/Connection.php(1366): Doctrine\DBAL\Connection->handleDriverException()
#2 /home/macumba/php/apiAnalesCiencia/vendor/doctrine/dbal/src/Connection.php(227): Doctrine\DBAL\Connection->convertException()
#3 /home/macumba/php/apiAnalesCiencia/vendor/doctrine/dbal/src/Connection.php(770): Doctrine\DBAL\Connection->connect()
#4 /home/macumba/php/apiAnalesCiencia/vendor/doctrine/orm/src/Persisters/Entity/BasicEntityPersister.php(736): Doctrine\DBAL\Connection->executeQuery()
#5 /home/macumba/php/apiAnalesCiencia/vendor/doctrine/orm/src/EntityRepository.php(125): Doctrine\ORM\Persisters\Entity\BasicEntityPersister->load()
#6 /home/macumba/php/apiAnalesCiencia/src/Controller/Login/LoginController.php(51): Doctrine\ORM\EntityRepository->findOneBy()
#7 /home/macumba/php/apiAnalesCiencia/vendor/slim/slim/Slim/Handlers/Strategies/RequestResponse.php(38): TDW\ACiencia\Controller\Login\LoginController->__invoke()
#8 /home/macumba/php/apiAnalesCiencia/vendor/slim/slim/Slim/Routing/Route.php(363): Slim\Handlers\Strategies\RequestResponse->__invoke()
#9 /home/macumba/php/apiAnalesCiencia/vendor/slim/slim/Slim/MiddlewareDispatcher.php(73): Slim\Routing\Route->handle()
#10 /home/macumba/php/apiAnalesCiencia/vendor/slim/slim/Slim/MiddlewareDispatcher.php(73): Slim\MiddlewareDispatcher->handle()
#11 /home/macumba/php/apiAnalesCiencia/vendor/slim/slim/Slim/Routing/Route.php(321): Slim\MiddlewareDispatcher->handle()
#12 /home/macumba/php/apiAnalesCiencia/vendor/slim/slim/Slim/Routing/RouteRunner.php(74): Slim\Routing\Route->run()
#13 /home/macumba/php/apiAnalesCiencia/vendor/slim/slim/Slim/Middleware/BodyParsingMiddleware.php(65): Slim\Routing\RouteRunner->handle()
#14 /home/macumba/php/apiAnalesCiencia/vendor/slim/slim/Slim/MiddlewareDispatcher.php(129): Slim\Middleware\BodyParsingMiddleware->process()
#15 /home/macumba/php/apiAnalesCiencia/src/Middleware/CorsMiddleware.php(35): Psr\Http\Server\RequestHandlerInterface@anonymous->handle()
#16 /home/macumba/php/apiAnalesCiencia/vendor/slim/slim/Slim/MiddlewareDispatcher.php(177): TDW\ACiencia\Middleware\CorsMiddleware->process()
#17 /home/macumba/php/apiAnalesCiencia/vendor/slim/slim/Slim/Middleware/RoutingMiddleware.php(45): Psr\Http\Server\RequestHandlerInterface@anonymous->handle()
#18 /home/macumba/php/apiAnalesCiencia/vendor/slim/slim/Slim/MiddlewareDispatcher.php(129): Slim\Middleware\RoutingMiddleware->process()
#19 /home/macumba/php/apiAnalesCiencia/vendor/slim/slim/Slim/Middleware/ErrorMiddleware.php(77): Psr\Http\Server\RequestHandlerInterface@anonymous->handle()
#20 /home/macumba/php/apiAnalesCiencia/vendor/slim/slim/Slim/MiddlewareDispatcher.php(129): Slim\Middleware\ErrorMiddleware->process()
#21 /home/macumba/php/apiAnalesCiencia/vendor/slim/slim/Slim/MiddlewareDispatcher.php(73): Psr\Http\Server\RequestHandlerInterface@anonymous->handle()
#22 /home/macumba/php/apiAnalesCiencia/vendor/slim/slim/Slim/App.php(209): Slim\MiddlewareDispatcher->handle()
#23 /home/macumba/php/apiAnalesCiencia/vendor/slim/slim/Slim/App.php(193): Slim\App->handle()
#24 /home/macumba/php/apiAnalesCiencia/public/index.php(19): Slim\App->run()
#25 {main} [] []
[2025-04-29T11:37:53.331433+02:00] json_error_renderer.ERROR: 
[1045] An exception occurred in the driver: SQLSTATE[HY000] [1045] Access denied for user 'root'@'localhost' (using password: NO) in /home/macumba/php/apiAnalesCiencia/vendor/doctrine/dbal/src/Driver/API/MySQL/ExceptionConverter.php on line 80.
Backtrace:
#0 /home/macumba/php/apiAnalesCiencia/vendor/doctrine/dbal/src/Connection.php(1418): Doctrine\DBAL\Driver\API\MySQL\ExceptionConverter->convert()
#1 /home/macumba/php/apiAnalesCiencia/vendor/doctrine/dbal/src/Connection.php(1366): Doctrine\DBAL\Connection->handleDriverException()
#2 /home/macumba/php/apiAnalesCiencia/vendor/doctrine/dbal/src/Connection.php(227): Doctrine\DBAL\Connection->convertException()
#3 /home/macumba/php/apiAnalesCiencia/vendor/doctrine/dbal/src/Connection.php(770): Doctrine\DBAL\Connection->connect()
#4 /home/macumba/php/apiAnalesCiencia/vendor/doctrine/orm/src/Persisters/Entity/BasicEntityPersister.php(736): Doctrine\DBAL\Connection->executeQuery()
#5 /home/macumba/php/apiAnalesCiencia/vendor/doctrine/orm/src/EntityRepository.php(125): Doctrine\ORM\Persisters\Entity\BasicEntityPersister->load()
#6 /home/macumba/php/apiAnalesCiencia/src/Controller/Login/LoginController.php(51): Doctrine\ORM\EntityRepository->findOneBy()
#7 /home/macumba/php/apiAnalesCiencia/vendor/slim/slim/Slim/Handlers/Strategies/RequestResponse.php(38): TDW\ACiencia\Controller\Login\LoginController->__invoke()
#8 /home/macumba/php/apiAnalesCiencia/vendor/slim/slim/Slim/Routing/Route.php(363): Slim\Handlers\Strategies\RequestResponse->__invoke()
#9 /home/macumba/php/apiAnalesCiencia/vendor/slim/slim/Slim/MiddlewareDispatcher.php(73): Slim\Routing\Route->handle()
#10 /home/macumba/php/apiAnalesCiencia/vendor/slim/slim/Slim/MiddlewareDispatcher.php(73): Slim\MiddlewareDispatcher->handle()
#11 /home/macumba/php/apiAnalesCiencia/vendor/slim/slim/Slim/Routing/Route.php(321): Slim\MiddlewareDispatcher->handle()
#12 /home/macumba/php/apiAnalesCiencia/vendor/slim/slim/Slim/Routing/RouteRunner.php(74): Slim\Routing\Route->run()
#13 /home/macumba/php/apiAnalesCiencia/vendor/slim/slim/Slim/Middleware/BodyParsingMiddleware.php(65): Slim\Routing\RouteRunner->handle()
#14 /home/macumba/php/apiAnalesCiencia/vendor/slim/slim/Slim/MiddlewareDispatcher.php(129): Slim\Middleware\BodyParsingMiddleware->process()
#15 /home/macumba/php/apiAnalesCiencia/src/Middleware/CorsMiddleware.php(35): Psr\Http\Server\RequestHandlerInterface@anonymous->handle()
#16 /home/macumba/php/apiAnalesCiencia/vendor/slim/slim/Slim/MiddlewareDispatcher.php(177): TDW\ACiencia\Middleware\CorsMiddleware->process()
#17 /home/macumba/php/apiAnalesCiencia/vendor/slim/slim/Slim/Middleware/RoutingMiddleware.php(45): Psr\Http\Server\RequestHandlerInterface@anonymous->handle()
#18 /home/macumba/php/apiAnalesCiencia/vendor/slim/slim/Slim/MiddlewareDispatcher.php(129): Slim\Middleware\RoutingMiddleware->process()
#19 /home/macumba/php/apiAnalesCiencia/vendor/slim/slim/Slim/Middleware/ErrorMiddleware.php(77): Psr\Http\Server\RequestHandlerInterface@anonymous->handle()
#20 /home/macumba/php/apiAnalesCiencia/vendor/slim/slim/Slim/MiddlewareDispatcher.php(129): Slim\Middleware\ErrorMiddleware->process()
#21 /home/macumba/php/apiAnalesCiencia/vendor/slim/slim/Slim/MiddlewareDispatcher.php(73): Psr\Http\Server\RequestHandlerInterface@anonymous->handle()
#22 /home/macumba/php/apiAnalesCiencia/vendor/slim/slim/Slim/App.php(209): Slim\MiddlewareDispatcher->handle()
#23 /home/macumba/php/apiAnalesCiencia/vendor/slim/slim/Slim/App.php(193): Slim\App->handle()
#24 /home/macumba/php/apiAnalesCiencia/public/index.php(19): Slim\App->run()
#25 {main} [] []
[2025-04-29T11:47:17.783797+02:00] json_error_renderer.ERROR: 
[1045] An exception occurred in the driver: SQLSTATE[HY000] [1045] Access denied for user 'root'@'localhost' (using password: NO) in /home/macumba/php/apiAnalesCiencia/vendor/doctrine/dbal/src/Driver/API/MySQL/ExceptionConverter.php on line 80.
Backtrace:
#0 /home/macumba/php/apiAnalesCiencia/vendor/doctrine/dbal/src/Connection.php(1418): Doctrine\DBAL\Driver\API\MySQL\ExceptionConverter->convert()
#1 /home/macumba/php/apiAnalesCiencia/vendor/doctrine/dbal/src/Connection.php(1366): Doctrine\DBAL\Connection->handleDriverException()
#2 /home/macumba/php/apiAnalesCiencia/vendor/doctrine/dbal/src/Connection.php(227): Doctrine\DBAL\Connection->convertException()
#3 /home/macumba/php/apiAnalesCiencia/vendor/doctrine/dbal/src/Connection.php(770): Doctrine\DBAL\Connection->connect()
#4 /home/macumba/php/apiAnalesCiencia/vendor/doctrine/orm/src/Persisters/Entity/BasicEntityPersister.php(865): Doctrine\DBAL\Connection->executeQuery()
#5 /home/macumba/php/apiAnalesCiencia/vendor/doctrine/orm/src/LazyCriteriaCollection.php(51): Doctrine\ORM\Persisters\Entity\BasicEntityPersister->count()
#6 /home/macumba/php/apiAnalesCiencia/src/Controller/User/CreateCommand.php(58): Doctrine\ORM\LazyCriteriaCollection->count()
#7 /home/macumba/php/apiAnalesCiencia/vendor/slim/slim/Slim/Handlers/Strategies/RequestResponse.php(38): TDW\ACiencia\Controller\User\CreateCommand->__invoke()
#8 /home/macumba/php/apiAnalesCiencia/vendor/slim/slim/Slim/Routing/Route.php(363): Slim\Handlers\Strategies\RequestResponse->__invoke()
#9 /home/macumba/php/apiAnalesCiencia/vendor/slim/slim/Slim/MiddlewareDispatcher.php(73): Slim\Routing\Route->handle()
#10 /home/macumba/php/apiAnalesCiencia/vendor/slim/slim/Slim/MiddlewareDispatcher.php(73): Slim\MiddlewareDispatcher->handle()
#11 /home/macumba/php/apiAnalesCiencia/vendor/slim/slim/Slim/Routing/Route.php(321): Slim\MiddlewareDispatcher->handle()
#12 /home/macumba/php/apiAnalesCiencia/vendor/slim/slim/Slim/Routing/RouteRunner.php(74): Slim\Routing\Route->run()
#13 /home/macumba/php/apiAnalesCiencia/vendor/slim/slim/Slim/Middleware/BodyParsingMiddleware.php(65): Slim\Routing\RouteRunner->handle()
#14 /home/macumba/php/apiAnalesCiencia/vendor/slim/slim/Slim/MiddlewareDispatcher.php(129): Slim\Middleware\BodyParsingMiddleware->process()
#15 /home/macumba/php/apiAnalesCiencia/src/Middleware/CorsMiddleware.php(35): Psr\Http\Server\RequestHandlerInterface@anonymous->handle()
#16 /home/macumba/php/apiAnalesCiencia/vendor/slim/slim/Slim/MiddlewareDispatcher.php(177): TDW\ACiencia\Middleware\CorsMiddleware->process()
#17 /home/macumba/php/apiAnalesCiencia/vendor/slim/slim/Slim/Middleware/RoutingMiddleware.php(45): Psr\Http\Server\RequestHandlerInterface@anonymous->handle()
#18 /home/macumba/php/apiAnalesCiencia/vendor/slim/slim/Slim/MiddlewareDispatcher.php(129): Slim\Middleware\RoutingMiddleware->process()
#19 /home/macumba/php/apiAnalesCiencia/vendor/slim/slim/Slim/Middleware/ErrorMiddleware.php(77): Psr\Http\Server\RequestHandlerInterface@anonymous->handle()
#20 /home/macumba/php/apiAnalesCiencia/vendor/slim/slim/Slim/MiddlewareDispatcher.php(129): Slim\Middleware\ErrorMiddleware->process()
#21 /home/macumba/php/apiAnalesCiencia/vendor/slim/slim/Slim/MiddlewareDispatcher.php(73): Psr\Http\Server\RequestHandlerInterface@anonymous->handle()
#22 /home/macumba/php/apiAnalesCiencia/vendor/slim/slim/Slim/App.php(209): Slim\MiddlewareDispatcher->handle()
#23 /home/macumba/php/apiAnalesCiencia/vendor/slim/slim/Slim/App.php(193): Slim\App->handle()
#24 /home/macumba/php/apiAnalesCiencia/public/index.php(19): Slim\App->run()
#25 {main} [] []
